2014/08/06 08:49:30 [error] [exception.CDbException] could not find driver
2014/08/06 08:49:30 [error] [exception.CDbException] exception 'CDbException' with message 'CDbConnection failed to open the DB connection.' in F:\ssy\www\framework\db\CDbConnection.php:387
Stack trace:
#0 F:\ssy\www\framework\db\CDbConnection.php(330): CDbConnection->open()
#1 F:\ssy\www\framework\db\CDbConnection.php(308): CDbConnection->setActive(true)
#2 F:\ssy\www\framework\base\CModule.php(387): CDbConnection->init()
#3 F:\ssy\www\framework\base\CApplication.php(438): CModule->getComponent('db')
#4 F:\ssy\www\framework\db\ar\CActiveRecord.php(623): CApplication->getDb()
#5 F:\ssy\www\framework\db\ar\CActiveRecord.php(2309): CActiveRecord->getDbConnection()
#6 F:\ssy\www\framework\db\ar\CActiveRecord.php(387): CActiveRecordMetaData->__construct(Object(Post))
#7 F:\ssy\www\framework\web\CActiveDataProvider.php(74): CActiveRecord::model('Post')
#8 F:\ssy\www\demos\blog\protected\controllers\PostController.php(132): CActiveDataProvider->__construct('Post', Array)
#9 F:\ssy\www\framework\web\actions\CInlineAction.php(49): PostController->actionIndex()
#10 F:\ssy\www\framework\web\CController.php(308): CInlineAction->runWithParams(Array)
#11 F:\ssy\www\framework\web\filters\CFilterChain.php(133): CController->runAction(Object(CInlineAction))
#12 F:\ssy\www\framework\web\filters\CFilter.php(40): CFilterChain->run()
#13 F:\ssy\www\framework\web\CController.php(1145): CFilter->filter(Object(CFilterChain))
#14 F:\ssy\www\framework\web\filters\CInlineFilter.php(58): CController->filterAccessControl(Object(CFilterChain))
#15 F:\ssy\www\framework\web\filters\CFilterChain.php(130): CInlineFilter->filter(Object(CFilterChain))
#16 F:\ssy\www\framework\web\CController.php(291): CFilterChain->run()
#17 F:\ssy\www\framework\web\CController.php(265): CController->runActionWithFilters(Object(CInlineAction), Array)
#18 F:\ssy\www\framework\web\CWebApplication.php(282): CController->run('')
#19 F:\ssy\www\framework\web\CWebApplication.php(141): CWebApplication->runController('')
#20 F:\ssy\www\framework\base\CApplication.php(169): CWebApplication->processRequest()
#21 F:\ssy\www\demos\blog\index.php(11): CApplication->run()
#22 {main}
REQUEST_URI=/demos/blog/index.php
---
2014/08/06 08:49:57 [error] [exception.CDbException] could not find driver
2014/08/06 08:49:57 [error] [exception.CDbException] exception 'CDbException' with message 'CDbConnection failed to open the DB connection.' in F:\ssy\www\framework\db\CDbConnection.php:387
Stack trace:
#0 F:\ssy\www\framework\db\CDbConnection.php(330): CDbConnection->open()
#1 F:\ssy\www\framework\db\CDbConnection.php(308): CDbConnection->setActive(true)
#2 F:\ssy\www\framework\base\CModule.php(387): CDbConnection->init()
#3 F:\ssy\www\framework\base\CApplication.php(438): CModule->getComponent('db')
#4 F:\ssy\www\framework\db\ar\CActiveRecord.php(623): CApplication->getDb()
#5 F:\ssy\www\framework\db\ar\CActiveRecord.php(2309): CActiveRecord->getDbConnection()
#6 F:\ssy\www\framework\db\ar\CActiveRecord.php(387): CActiveRecordMetaData->__construct(Object(Post))
#7 F:\ssy\www\framework\web\CActiveDataProvider.php(74): CActiveRecord::model('Post')
#8 F:\ssy\www\demos\blog\protected\controllers\PostController.php(132): CActiveDataProvider->__construct('Post', Array)
#9 F:\ssy\www\framework\web\actions\CInlineAction.php(49): PostController->actionIndex()
#10 F:\ssy\www\framework\web\CController.php(308): CInlineAction->runWithParams(Array)
#11 F:\ssy\www\framework\web\filters\CFilterChain.php(133): CController->runAction(Object(CInlineAction))
#12 F:\ssy\www\framework\web\filters\CFilter.php(40): CFilterChain->run()
#13 F:\ssy\www\framework\web\CController.php(1145): CFilter->filter(Object(CFilterChain))
#14 F:\ssy\www\framework\web\filters\CInlineFilter.php(58): CController->filterAccessControl(Object(CFilterChain))
#15 F:\ssy\www\framework\web\filters\CFilterChain.php(130): CInlineFilter->filter(Object(CFilterChain))
#16 F:\ssy\www\framework\web\CController.php(291): CFilterChain->run()
#17 F:\ssy\www\framework\web\CController.php(265): CController->runActionWithFilters(Object(CInlineAction), Array)
#18 F:\ssy\www\framework\web\CWebApplication.php(282): CController->run('')
#19 F:\ssy\www\framework\web\CWebApplication.php(141): CWebApplication->runController('')
#20 F:\ssy\www\framework\base\CApplication.php(169): CWebApplication->processRequest()
#21 F:\ssy\www\demos\blog\index.php(11): CApplication->run()
#22 {main}
REQUEST_URI=/demos/blog/index.php
---
